<?xml version="1.0" encoding="UTF-8" ?>
<testsuite tests="7" failures="0" name="saucedemo.SauceTest" time="51.978" errors="0" skipped="0">
  <properties>
[...]
</properties>
  <testcase classname="saucedemo.SauceTest" name="selectCheckout" time="9.973"/>
  <testcase classname="saucedemo.SauceTest" name="selecContinueToOverview" time="7.063"/>
  <testcase classname="saucedemo.SauceTest" name="selecFinish" time="7.228"/>
  <testcase classname="saucedemo.SauceTest" name="aboutOptions" time="10.482"/>
  <testcase classname="saucedemo.SauceTest" name="selectFilterOptions" time="6.492"/>
  <testcase classname="saucedemo.SauceTest" name="selectProducts" time="6.692"/>
  <testcase classname="saucedemo.SauceTest" name="loginSuaceDemo" time="4.048"/>
</testsuite>